10:11:44.925 [main] INFO  com.rcs.RepairerCenterServiceApplication - Starting RepairerCenterServiceApplication using Java 17.0.9 with PID 6964 (G:\MyProject\Final Project\repairer-center-service\target\classes started by fraddy in G:\MyProject\Final Project\repairer-center-service)
10:11:44.933 [main] INFO  com.rcs.RepairerCenterServiceApplication - No active profile set, falling back to 1 default profile: "default"
10:11:46.032 [main] INFO  org.springframework.data.repository.config.RepositoryConfigurationDelegate - Bootstrapping Spring Data JPA repositories in DEFAULT mode.
10:11:46.116 [main] INFO  org.springframework.data.repository.config.RepositoryConfigurationDelegate - Finished Spring Data repository scanning in 75 ms. Found 2 JPA repository interfaces.
10:11:46.870 [main] INFO  org.springframework.boot.web.embedded.tomcat.TomcatWebServer - Tomcat initialized with port 1001 (http)
10:11:46.884 [main] INFO  org.apache.catalina.core.StandardService - Starting service [Tomcat]
10:11:46.884 [main] INFO  org.apache.catalina.core.StandardEngine - Starting Servlet engine: [Apache Tomcat/10.1.26]
10:11:46.968 [main] INFO  org.apache.catalina.core.ContainerBase.[Tomcat].[localhost].[/rcs/api] - Initializing Spring embedded WebApplicationContext
10:11:46.969 [main] INFO  org.springframework.boot.web.servlet.context.ServletWebServerApplicationContext - Root WebApplicationContext: initialization completed in 1955 ms
10:11:47.099 [main] WARN  org.springframework.boot.web.servlet.context.AnnotationConfigServletWebServerApplicationContext - Exception encountered during context initialization - cancelling refresh attempt: org.springframework.beans.factory.BeanCreationException: Error creating bean with name 'entityManagerFactory' defined in class path resource [org/springframework/boot/autoconfigure/orm/jpa/HibernateJpaConfiguration.class]: Failed to initialize dependency 'flyway' of LoadTimeWeaverAware bean 'entityManagerFactory': Error creating bean with name 'flyway' defined in class path resource [org/springframework/boot/autoconfigure/flyway/FlywayAutoConfiguration$FlywayConfiguration.class]: Failed to instantiate [org.flywaydb.core.Flyway]: Factory method 'flyway' threw exception with message: Error creating bean with name 'dataSource' defined in class path resource [org/springframework/boot/autoconfigure/jdbc/DataSourceConfiguration$Hikari.class]: Failed to instantiate [com.zaxxer.hikari.HikariDataSource]: Factory method 'dataSource' threw exception with message: Failed to determine a suitable driver class
10:11:47.106 [main] INFO  org.apache.catalina.core.StandardService - Stopping service [Tomcat]
10:11:47.143 [main] INFO  org.springframework.boot.autoconfigure.logging.ConditionEvaluationReportLogger - 

Error starting ApplicationContext. To display the condition evaluation report re-run your application with 'debug' enabled.
10:11:47.167 [main] ERROR org.springframework.boot.diagnostics.LoggingFailureAnalysisReporter - 

***************************
APPLICATION FAILED TO START
***************************

Description:

Failed to configure a DataSource: 'url' attribute is not specified and no embedded datasource could be configured.

Reason: Failed to determine a suitable driver class


Action:

Consider the following:
	If you want an embedded database (H2, HSQL or Derby), please put it on the classpath.
	If you have database settings to be loaded from a particular profile you may need to activate it (no profiles are currently active).

10:15:45.369 [main] INFO  com.rcs.RepairerCenterServiceApplication - Starting RepairerCenterServiceApplication using Java 17.0.9 with PID 15356 (G:\MyProject\Final Project\repairer-center-service\target\classes started by fraddy in G:\MyProject\Final Project\repairer-center-service)
10:15:45.372 [main] INFO  com.rcs.RepairerCenterServiceApplication - No active profile set, falling back to 1 default profile: "default"
10:15:46.263 [main] INFO  org.springframework.data.repository.config.RepositoryConfigurationDelegate - Bootstrapping Spring Data JPA repositories in DEFAULT mode.
10:15:46.337 [main] INFO  org.springframework.data.repository.config.RepositoryConfigurationDelegate - Finished Spring Data repository scanning in 64 ms. Found 2 JPA repository interfaces.
10:15:46.920 [main] INFO  org.springframework.boot.web.embedded.tomcat.TomcatWebServer - Tomcat initialized with port 1001 (http)
10:15:46.931 [main] INFO  org.apache.catalina.core.StandardService - Starting service [Tomcat]
10:15:46.931 [main] INFO  org.apache.catalina.core.StandardEngine - Starting Servlet engine: [Apache Tomcat/10.1.26]
10:15:47.006 [main] INFO  org.apache.catalina.core.ContainerBase.[Tomcat].[localhost].[/rcs/api] - Initializing Spring embedded WebApplicationContext
10:15:47.007 [main] INFO  org.springframework.boot.web.servlet.context.ServletWebServerApplicationContext - Root WebApplicationContext: initialization completed in 1585 ms
10:15:47.119 [main] WARN  org.springframework.boot.web.servlet.context.AnnotationConfigServletWebServerApplicationContext - Exception encountered during context initialization - cancelling refresh attempt: org.springframework.beans.factory.BeanCreationException: Error creating bean with name 'entityManagerFactory' defined in class path resource [org/springframework/boot/autoconfigure/orm/jpa/HibernateJpaConfiguration.class]: Failed to initialize dependency 'flyway' of LoadTimeWeaverAware bean 'entityManagerFactory': Error creating bean with name 'flyway' defined in class path resource [org/springframework/boot/autoconfigure/flyway/FlywayAutoConfiguration$FlywayConfiguration.class]: Failed to instantiate [org.flywaydb.core.Flyway]: Factory method 'flyway' threw exception with message: Error creating bean with name 'dataSource' defined in class path resource [org/springframework/boot/autoconfigure/jdbc/DataSourceConfiguration$Hikari.class]: Failed to instantiate [com.zaxxer.hikari.HikariDataSource]: Factory method 'dataSource' threw exception with message: Failed to determine a suitable driver class
10:15:47.124 [main] INFO  org.apache.catalina.core.StandardService - Stopping service [Tomcat]
10:15:47.156 [main] INFO  org.springframework.boot.autoconfigure.logging.ConditionEvaluationReportLogger - 

Error starting ApplicationContext. To display the condition evaluation report re-run your application with 'debug' enabled.
10:15:47.188 [main] ERROR org.springframework.boot.diagnostics.LoggingFailureAnalysisReporter - 

***************************
APPLICATION FAILED TO START
***************************

Description:

Failed to configure a DataSource: 'url' attribute is not specified and no embedded datasource could be configured.

Reason: Failed to determine a suitable driver class


Action:

Consider the following:
	If you want an embedded database (H2, HSQL or Derby), please put it on the classpath.
	If you have database settings to be loaded from a particular profile you may need to activate it (no profiles are currently active).

10:18:40.758 [main] INFO  com.rcs.RepairerCenterServiceApplication - Starting RepairerCenterServiceApplication using Java 17.0.9 with PID 8384 (G:\MyProject\Final Project\repairer-center-service\target\classes started by fraddy in G:\MyProject\Final Project\repairer-center-service)
10:18:40.760 [main] INFO  com.rcs.RepairerCenterServiceApplication - The following 1 profile is active: "local"
10:18:41.681 [main] INFO  org.springframework.data.repository.config.RepositoryConfigurationDelegate - Bootstrapping Spring Data JPA repositories in DEFAULT mode.
10:18:41.755 [main] INFO  org.springframework.data.repository.config.RepositoryConfigurationDelegate - Finished Spring Data repository scanning in 60 ms. Found 2 JPA repository interfaces.
10:18:42.325 [main] INFO  org.springframework.boot.web.embedded.tomcat.TomcatWebServer - Tomcat initialized with port 1001 (http)
10:18:42.337 [main] INFO  org.apache.catalina.core.StandardService - Starting service [Tomcat]
10:18:42.337 [main] INFO  org.apache.catalina.core.StandardEngine - Starting Servlet engine: [Apache Tomcat/10.1.26]
10:18:42.404 [main] INFO  org.apache.catalina.core.ContainerBase.[Tomcat].[localhost].[/rcs/api] - Initializing Spring embedded WebApplicationContext
10:18:42.405 [main] INFO  org.springframework.boot.web.servlet.context.ServletWebServerApplicationContext - Root WebApplicationContext: initialization completed in 1593 ms
10:18:42.685 [main] INFO  com.zaxxer.hikari.HikariDataSource - HikariPool-1 - Starting...
10:18:42.861 [main] INFO  com.zaxxer.hikari.pool.HikariPool - HikariPool-1 - Added connection com.mysql.cj.jdbc.ConnectionImpl@7ed7ae
10:18:42.863 [main] INFO  com.zaxxer.hikari.HikariDataSource - HikariPool-1 - Start completed.
10:18:42.914 [main] INFO  org.flywaydb.core.FlywayExecutor - Database: jdbc:mysql://localhost:3306/rcs (MySQL 8.0)
10:18:42.950 [main] INFO  org.flywaydb.core.internal.schemahistory.JdbcTableSchemaHistory - Schema history table `rcs`.`flyway_schema_history` does not exist yet
10:18:42.952 [main] INFO  org.flywaydb.core.internal.command.DbValidate - Successfully validated 0 migrations (execution time 00:00.010s)
10:18:42.952 [main] WARN  org.flywaydb.core.internal.command.DbValidate - No migrations found. Are your locations set up correctly?
10:18:42.982 [main] INFO  org.flywaydb.core.internal.schemahistory.JdbcTableSchemaHistory - Creating Schema History table `rcs`.`flyway_schema_history` ...
10:18:43.084 [main] INFO  org.flywaydb.core.internal.command.DbMigrate - Current version of schema `rcs`: << Empty Schema >>
10:18:43.091 [main] INFO  org.flywaydb.core.internal.command.DbMigrate - Schema `rcs` is up to date. No migration necessary.
10:18:43.211 [main] INFO  org.hibernate.jpa.internal.util.LogHelper - HHH000204: Processing PersistenceUnitInfo [name: default]
10:18:43.264 [main] INFO  org.hibernate.Version - HHH000412: Hibernate ORM core version 6.5.2.Final
10:18:43.296 [main] INFO  org.hibernate.cache.internal.RegionFactoryInitiator - HHH000026: Second-level cache disabled
10:18:43.606 [main] INFO  org.springframework.orm.jpa.persistenceunit.SpringPersistenceUnitInfo - No LoadTimeWeaver setup: ignoring JPA class transformer
10:18:44.708 [main] INFO  org.hibernate.engine.transaction.jta.platform.internal.JtaPlatformInitiator - HHH000489: No JTA platform available (set 'hibernate.transaction.jta.platform' to enable JTA platform integration)
10:18:44.712 [main] INFO  org.springframework.orm.jpa.LocalContainerEntityManagerFactoryBean - Initialized JPA EntityManagerFactory for persistence unit 'default'
10:18:44.979 [main] WARN  org.springframework.boot.web.servlet.context.AnnotationConfigServletWebServerApplicationContext - Exception encountered during context initialization - cancelling refresh attempt: org.springframework.beans.factory.UnsatisfiedDependencyException: Error creating bean with name 'brandController': Unsatisfied dependency expressed through field 'modelMapper': No qualifying bean of type 'com.rcs.mapper.BrandMapper' available: expected at least 1 bean which qualifies as autowire candidate. Dependency annotations: {@org.springframework.beans.factory.annotation.Autowired(required=true)}
10:18:44.980 [main] INFO  org.springframework.orm.jpa.LocalContainerEntityManagerFactoryBean - Closing JPA EntityManagerFactory for persistence unit 'default'
10:18:44.982 [main] INFO  com.zaxxer.hikari.HikariDataSource - HikariPool-1 - Shutdown initiated...
10:18:44.991 [main] INFO  com.zaxxer.hikari.HikariDataSource - HikariPool-1 - Shutdown completed.
10:18:44.993 [main] INFO  org.apache.catalina.core.StandardService - Stopping service [Tomcat]
10:18:45.013 [main] INFO  org.springframework.boot.autoconfigure.logging.ConditionEvaluationReportLogger - 

Error starting ApplicationContext. To display the condition evaluation report re-run your application with 'debug' enabled.
10:18:45.038 [main] ERROR org.springframework.boot.diagnostics.LoggingFailureAnalysisReporter - 

***************************
APPLICATION FAILED TO START
***************************

Description:

Field modelMapper in com.rcs.controller.BrandController required a bean of type 'com.rcs.mapper.BrandMapper' that could not be found.

The injection point has the following annotations:
	- @org.springframework.beans.factory.annotation.Autowired(required=true)


Action:

Consider defining a bean of type 'com.rcs.mapper.BrandMapper' in your configuration.

10:20:56.206 [main] INFO  com.rcs.RepairerCenterServiceApplication - Starting RepairerCenterServiceApplication using Java 17.0.9 with PID 11120 (G:\MyProject\Final Project\repairer-center-service\target\classes started by fraddy in G:\MyProject\Final Project\repairer-center-service)
10:20:56.210 [main] INFO  com.rcs.RepairerCenterServiceApplication - The following 1 profile is active: "local"
10:20:56.989 [main] INFO  org.springframework.data.repository.config.RepositoryConfigurationDelegate - Bootstrapping Spring Data JPA repositories in DEFAULT mode.
10:20:57.070 [main] INFO  org.springframework.data.repository.config.RepositoryConfigurationDelegate - Finished Spring Data repository scanning in 64 ms. Found 2 JPA repository interfaces.
10:20:57.565 [main] INFO  org.springframework.boot.web.embedded.tomcat.TomcatWebServer - Tomcat initialized with port 1001 (http)
10:20:57.574 [main] INFO  org.apache.catalina.core.StandardService - Starting service [Tomcat]
10:20:57.574 [main] INFO  org.apache.catalina.core.StandardEngine - Starting Servlet engine: [Apache Tomcat/10.1.26]
10:20:57.639 [main] INFO  org.apache.catalina.core.ContainerBase.[Tomcat].[localhost].[/rcs/api] - Initializing Spring embedded WebApplicationContext
10:20:57.640 [main] INFO  org.springframework.boot.web.servlet.context.ServletWebServerApplicationContext - Root WebApplicationContext: initialization completed in 1379 ms
10:20:57.894 [main] INFO  com.zaxxer.hikari.HikariDataSource - HikariPool-1 - Starting...
10:20:58.034 [main] INFO  com.zaxxer.hikari.pool.HikariPool - HikariPool-1 - Added connection com.mysql.cj.jdbc.ConnectionImpl@2c0798bd
10:20:58.056 [main] INFO  com.zaxxer.hikari.HikariDataSource - HikariPool-1 - Start completed.
10:20:58.095 [main] INFO  org.flywaydb.core.FlywayExecutor - Database: jdbc:mysql://localhost:3306/rcs (MySQL 8.0)
10:20:58.142 [main] INFO  org.flywaydb.core.internal.command.DbValidate - Successfully validated 0 migrations (execution time 00:00.020s)
10:20:58.143 [main] WARN  org.flywaydb.core.internal.command.DbValidate - No migrations found. Are your locations set up correctly?
10:20:58.159 [main] INFO  org.flywaydb.core.internal.command.DbMigrate - Current version of schema `rcs`: << Empty Schema >>
10:20:58.164 [main] INFO  org.flywaydb.core.internal.command.DbMigrate - Schema `rcs` is up to date. No migration necessary.
10:20:58.251 [main] INFO  org.hibernate.jpa.internal.util.LogHelper - HHH000204: Processing PersistenceUnitInfo [name: default]
10:20:58.293 [main] INFO  org.hibernate.Version - HHH000412: Hibernate ORM core version 6.5.2.Final
10:20:58.322 [main] INFO  org.hibernate.cache.internal.RegionFactoryInitiator - HHH000026: Second-level cache disabled
10:20:58.587 [main] INFO  org.springframework.orm.jpa.persistenceunit.SpringPersistenceUnitInfo - No LoadTimeWeaver setup: ignoring JPA class transformer
10:20:59.539 [main] INFO  org.hibernate.engine.transaction.jta.platform.internal.JtaPlatformInitiator - HHH000489: No JTA platform available (set 'hibernate.transaction.jta.platform' to enable JTA platform integration)
10:20:59.543 [main] INFO  org.springframework.orm.jpa.LocalContainerEntityManagerFactoryBean - Initialized JPA EntityManagerFactory for persistence unit 'default'
10:20:59.827 [main] WARN  org.springframework.boot.web.servlet.context.AnnotationConfigServletWebServerApplicationContext - Exception encountered during context initialization - cancelling refresh attempt: org.springframework.beans.factory.UnsatisfiedDependencyException: Error creating bean with name 'brandController': Unsatisfied dependency expressed through field 'modelMapper': No qualifying bean of type 'com.rcs.mapper.BrandMapper' available: expected at least 1 bean which qualifies as autowire candidate. Dependency annotations: {@org.springframework.beans.factory.annotation.Autowired(required=true)}
10:20:59.828 [main] INFO  org.springframework.orm.jpa.LocalContainerEntityManagerFactoryBean - Closing JPA EntityManagerFactory for persistence unit 'default'
10:20:59.830 [main] INFO  com.zaxxer.hikari.HikariDataSource - HikariPool-1 - Shutdown initiated...
10:20:59.836 [main] INFO  com.zaxxer.hikari.HikariDataSource - HikariPool-1 - Shutdown completed.
10:20:59.837 [main] INFO  org.apache.catalina.core.StandardService - Stopping service [Tomcat]
10:20:59.850 [main] INFO  org.springframework.boot.autoconfigure.logging.ConditionEvaluationReportLogger - 

Error starting ApplicationContext. To display the condition evaluation report re-run your application with 'debug' enabled.
10:20:59.868 [main] ERROR org.springframework.boot.diagnostics.LoggingFailureAnalysisReporter - 

***************************
APPLICATION FAILED TO START
***************************

Description:

Field modelMapper in com.rcs.controller.BrandController required a bean of type 'com.rcs.mapper.BrandMapper' that could not be found.

The injection point has the following annotations:
	- @org.springframework.beans.factory.annotation.Autowired(required=true)


Action:

Consider defining a bean of type 'com.rcs.mapper.BrandMapper' in your configuration.

10:22:54.743 [main] INFO  com.rcs.RepairerCenterServiceApplication - Starting RepairerCenterServiceApplication using Java 17.0.9 with PID 14624 (G:\MyProject\Final Project\repairer-center-service\target\classes started by fraddy in G:\MyProject\Final Project\repairer-center-service)
10:22:54.746 [main] INFO  com.rcs.RepairerCenterServiceApplication - The following 1 profile is active: "local"
10:22:55.767 [main] INFO  org.springframework.data.repository.config.RepositoryConfigurationDelegate - Bootstrapping Spring Data JPA repositories in DEFAULT mode.
10:22:55.844 [main] INFO  org.springframework.data.repository.config.RepositoryConfigurationDelegate - Finished Spring Data repository scanning in 64 ms. Found 2 JPA repository interfaces.
10:22:56.614 [main] INFO  org.springframework.boot.web.embedded.tomcat.TomcatWebServer - Tomcat initialized with port 1001 (http)
10:22:58.084 [main] INFO  org.apache.catalina.core.StandardService - Starting service [Tomcat]
10:22:58.085 [main] INFO  org.apache.catalina.core.StandardEngine - Starting Servlet engine: [Apache Tomcat/10.1.26]
10:22:58.163 [main] INFO  org.apache.catalina.core.ContainerBase.[Tomcat].[localhost].[/rcs/api] - Initializing Spring embedded WebApplicationContext
10:22:58.163 [main] INFO  org.springframework.boot.web.servlet.context.ServletWebServerApplicationContext - Root WebApplicationContext: initialization completed in 3364 ms
10:22:58.429 [main] INFO  com.zaxxer.hikari.HikariDataSource - HikariPool-1 - Starting...
10:22:58.590 [main] INFO  com.zaxxer.hikari.pool.HikariPool - HikariPool-1 - Added connection com.mysql.cj.jdbc.ConnectionImpl@374b6e33
10:22:58.593 [main] INFO  com.zaxxer.hikari.HikariDataSource - HikariPool-1 - Start completed.
10:22:58.632 [main] INFO  org.flywaydb.core.FlywayExecutor - Database: jdbc:mysql://localhost:3306/rcs (MySQL 8.0)
10:22:58.696 [main] INFO  org.flywaydb.core.internal.command.DbValidate - Successfully validated 0 migrations (execution time 00:00.027s)
10:22:58.697 [main] WARN  org.flywaydb.core.internal.command.DbValidate - No migrations found. Are your locations set up correctly?
10:22:58.715 [main] INFO  org.flywaydb.core.internal.command.DbMigrate - Current version of schema `rcs`: << Empty Schema >>
10:22:58.720 [main] INFO  org.flywaydb.core.internal.command.DbMigrate - Schema `rcs` is up to date. No migration necessary.
10:22:58.820 [main] INFO  org.hibernate.jpa.internal.util.LogHelper - HHH000204: Processing PersistenceUnitInfo [name: default]
10:22:58.892 [main] INFO  org.hibernate.Version - HHH000412: Hibernate ORM core version 6.5.2.Final
10:22:58.938 [main] INFO  org.hibernate.cache.internal.RegionFactoryInitiator - HHH000026: Second-level cache disabled
10:22:59.263 [main] INFO  org.springframework.orm.jpa.persistenceunit.SpringPersistenceUnitInfo - No LoadTimeWeaver setup: ignoring JPA class transformer
10:23:00.420 [main] INFO  org.hibernate.engine.transaction.jta.platform.internal.JtaPlatformInitiator - HHH000489: No JTA platform available (set 'hibernate.transaction.jta.platform' to enable JTA platform integration)
10:23:00.426 [main] INFO  org.springframework.orm.jpa.LocalContainerEntityManagerFactoryBean - Initialized JPA EntityManagerFactory for persistence unit 'default'
10:23:00.741 [main] WARN  org.springframework.boot.web.servlet.context.AnnotationConfigServletWebServerApplicationContext - Exception encountered during context initialization - cancelling refresh attempt: org.springframework.beans.factory.UnsatisfiedDependencyException: Error creating bean with name 'brandController': Unsatisfied dependency expressed through field 'modelMapper': No qualifying bean of type 'com.rcs.mapper.BrandMapper' available: expected at least 1 bean which qualifies as autowire candidate. Dependency annotations: {@org.springframework.beans.factory.annotation.Autowired(required=true)}
10:23:00.742 [main] INFO  org.springframework.orm.jpa.LocalContainerEntityManagerFactoryBean - Closing JPA EntityManagerFactory for persistence unit 'default'
10:23:00.746 [main] INFO  com.zaxxer.hikari.HikariDataSource - HikariPool-1 - Shutdown initiated...
10:23:00.753 [main] INFO  com.zaxxer.hikari.HikariDataSource - HikariPool-1 - Shutdown completed.
10:23:00.755 [main] INFO  org.apache.catalina.core.StandardService - Stopping service [Tomcat]
10:23:00.770 [main] INFO  org.springframework.boot.autoconfigure.logging.ConditionEvaluationReportLogger - 

Error starting ApplicationContext. To display the condition evaluation report re-run your application with 'debug' enabled.
10:23:00.794 [main] ERROR org.springframework.boot.diagnostics.LoggingFailureAnalysisReporter - 

***************************
APPLICATION FAILED TO START
***************************

Description:

Field modelMapper in com.rcs.controller.BrandController required a bean of type 'com.rcs.mapper.BrandMapper' that could not be found.

The injection point has the following annotations:
	- @org.springframework.beans.factory.annotation.Autowired(required=true)


Action:

Consider defining a bean of type 'com.rcs.mapper.BrandMapper' in your configuration.

10:23:47.737 [main] INFO  com.rcs.RepairerCenterServiceApplication - Starting RepairerCenterServiceApplication using Java 17.0.9 with PID 14468 (G:\MyProject\Final Project\repairer-center-service\target\classes started by fraddy in G:\MyProject\Final Project\repairer-center-service)
10:23:47.741 [main] INFO  com.rcs.RepairerCenterServiceApplication - The following 1 profile is active: "local"
10:23:48.710 [main] INFO  org.springframework.data.repository.config.RepositoryConfigurationDelegate - Bootstrapping Spring Data JPA repositories in DEFAULT mode.
10:23:48.788 [main] INFO  org.springframework.data.repository.config.RepositoryConfigurationDelegate - Finished Spring Data repository scanning in 65 ms. Found 2 JPA repository interfaces.
10:23:49.619 [main] INFO  org.springframework.boot.web.embedded.tomcat.TomcatWebServer - Tomcat initialized with port 1001 (http)
10:23:49.635 [main] INFO  org.apache.catalina.core.StandardService - Starting service [Tomcat]
10:23:49.636 [main] INFO  org.apache.catalina.core.StandardEngine - Starting Servlet engine: [Apache Tomcat/10.1.26]
10:23:49.742 [main] INFO  org.apache.catalina.core.ContainerBase.[Tomcat].[localhost].[/rcs/api] - Initializing Spring embedded WebApplicationContext
10:23:49.743 [main] INFO  org.springframework.boot.web.servlet.context.ServletWebServerApplicationContext - Root WebApplicationContext: initialization completed in 1937 ms
10:23:50.109 [main] INFO  com.zaxxer.hikari.HikariDataSource - HikariPool-1 - Starting...
10:23:50.308 [main] INFO  com.zaxxer.hikari.pool.HikariPool - HikariPool-1 - Added connection com.mysql.cj.jdbc.ConnectionImpl@84f51d9
10:23:50.310 [main] INFO  com.zaxxer.hikari.HikariDataSource - HikariPool-1 - Start completed.
10:23:50.363 [main] INFO  org.flywaydb.core.FlywayExecutor - Database: jdbc:mysql://localhost:3306/rcs (MySQL 8.0)
10:23:50.402 [main] INFO  org.flywaydb.core.internal.command.DbValidate - Successfully validated 0 migrations (execution time 00:00.016s)
10:23:50.402 [main] WARN  org.flywaydb.core.internal.command.DbValidate - No migrations found. Are your locations set up correctly?
10:23:50.418 [main] INFO  org.flywaydb.core.internal.command.DbMigrate - Current version of schema `rcs`: << Empty Schema >>
10:23:50.423 [main] INFO  org.flywaydb.core.internal.command.DbMigrate - Schema `rcs` is up to date. No migration necessary.
10:23:50.514 [main] INFO  org.hibernate.jpa.internal.util.LogHelper - HHH000204: Processing PersistenceUnitInfo [name: default]
10:23:50.565 [main] INFO  org.hibernate.Version - HHH000412: Hibernate ORM core version 6.5.2.Final
10:23:50.616 [main] INFO  org.hibernate.cache.internal.RegionFactoryInitiator - HHH000026: Second-level cache disabled
10:23:50.960 [main] INFO  org.springframework.orm.jpa.persistenceunit.SpringPersistenceUnitInfo - No LoadTimeWeaver setup: ignoring JPA class transformer
10:23:52.125 [main] INFO  org.hibernate.engine.transaction.jta.platform.internal.JtaPlatformInitiator - HHH000489: No JTA platform available (set 'hibernate.transaction.jta.platform' to enable JTA platform integration)
10:23:52.129 [main] INFO  org.springframework.orm.jpa.LocalContainerEntityManagerFactoryBean - Initialized JPA EntityManagerFactory for persistence unit 'default'
10:23:52.434 [main] WARN  org.springframework.boot.web.servlet.context.AnnotationConfigServletWebServerApplicationContext - Exception encountered during context initialization - cancelling refresh attempt: org.springframework.beans.factory.UnsatisfiedDependencyException: Error creating bean with name 'brandController': Unsatisfied dependency expressed through field 'modelMapper': No qualifying bean of type 'com.rcs.mapper.BrandMapper' available: expected at least 1 bean which qualifies as autowire candidate. Dependency annotations: {@org.springframework.beans.factory.annotation.Autowired(required=true)}
10:23:52.435 [main] INFO  org.springframework.orm.jpa.LocalContainerEntityManagerFactoryBean - Closing JPA EntityManagerFactory for persistence unit 'default'
10:23:52.438 [main] INFO  com.zaxxer.hikari.HikariDataSource - HikariPool-1 - Shutdown initiated...
10:23:52.446 [main] INFO  com.zaxxer.hikari.HikariDataSource - HikariPool-1 - Shutdown completed.
10:23:52.448 [main] INFO  org.apache.catalina.core.StandardService - Stopping service [Tomcat]
10:23:52.463 [main] INFO  org.springframework.boot.autoconfigure.logging.ConditionEvaluationReportLogger - 

Error starting ApplicationContext. To display the condition evaluation report re-run your application with 'debug' enabled.
10:23:52.488 [main] ERROR org.springframework.boot.diagnostics.LoggingFailureAnalysisReporter - 

***************************
APPLICATION FAILED TO START
***************************

Description:

Field modelMapper in com.rcs.controller.BrandController required a bean of type 'com.rcs.mapper.BrandMapper' that could not be found.

The injection point has the following annotations:
	- @org.springframework.beans.factory.annotation.Autowired(required=true)


Action:

Consider defining a bean of type 'com.rcs.mapper.BrandMapper' in your configuration.

